<?xml version="1.0" encoding="UTF-8"?>
<testsuite name="org.testing.coleccionlibros.FindTest" tests="1" skipped="0" failures="0" errors="0" timestamp="2023-09-05T21:27:07" hostname="ALEJANDROPC" time="0.024">
  <properties/>
  <testcase name="shouldFindABookByISBN()" classname="org.testing.coleccionlibros.FindTest" time="0.024"/>
  <system-out><![CDATA[]]></system-out>
  <system-err><![CDATA[]]></system-err>
</testsuite>
